[2011-06-10 11:49:51] security.DEBUG: Read SecurityContext from the session 
[2011-06-10 11:49:51] security.DEBUG: Reloading user from user provider. 
[2011-06-10 11:49:51] security.DEBUG: Username "admin" was reloaded from user provider. 
[2011-06-10 11:49:51] request.ERROR: No route found for "GET /bundles/acmetable/js/jquery.tablesorter.js" 
[2011-06-10 11:49:51] request.ERROR: Symfony\Component\HttpKernel\Exception\NotFoundHttpException: No route found for "GET /bundles/acmetable/js/jquery.tablesorter.js" (uncaught exception) at C:\xampp\htdocs\padel\vendor\symfony\src\Symfony\Bundle\FrameworkBundle\EventListener\RouterListener.php line 90 
[2011-06-10 11:49:51] request.INFO: Using controller "Symfony\Bundle\FrameworkBundle\Controller\ExceptionController::showAction" 
[2011-06-10 11:49:51] security.DEBUG: Write SecurityContext in the session 
[2011-06-10 11:49:51] security.DEBUG: Read SecurityContext from the session 
[2011-06-10 11:49:51] security.DEBUG: Reloading user from user provider. 
[2011-06-10 11:49:51] security.DEBUG: Username "admin" was reloaded from user provider. 
[2011-06-10 11:49:51] request.ERROR: No route found for "GET /bundles/acmetable/css/style.css" 
[2011-06-10 11:49:51] request.ERROR: Symfony\Component\HttpKernel\Exception\NotFoundHttpException: No route found for "GET /bundles/acmetable/css/style.css" (uncaught exception) at C:\xampp\htdocs\padel\vendor\symfony\src\Symfony\Bundle\FrameworkBundle\EventListener\RouterListener.php line 90 
[2011-06-10 11:49:51] request.INFO: Using controller "Symfony\Bundle\FrameworkBundle\Controller\ExceptionController::showAction" 
[2011-06-10 11:49:51] security.DEBUG: Write SecurityContext in the session 
[2011-06-10 11:49:51] security.DEBUG: Read SecurityContext from the session 
[2011-06-10 11:49:51] security.DEBUG: Reloading user from user provider. 
[2011-06-10 11:49:51] security.DEBUG: Username "admin" was reloaded from user provider. 
[2011-06-10 11:49:51] request.ERROR: No route found for "GET /bundles/acmetable/js/jquery-1.6.1.js" 
[2011-06-10 11:49:51] request.ERROR: Symfony\Component\HttpKernel\Exception\NotFoundHttpException: No route found for "GET /bundles/acmetable/js/jquery-1.6.1.js" (uncaught exception) at C:\xampp\htdocs\padel\vendor\symfony\src\Symfony\Bundle\FrameworkBundle\EventListener\RouterListener.php line 90 
[2011-06-10 11:49:51] request.INFO: Using controller "Symfony\Bundle\FrameworkBundle\Controller\ExceptionController::showAction" 
[2011-06-10 11:49:51] security.DEBUG: Write SecurityContext in the session 
